<?xml version="1.0" encoding="UTF-8"?>
<!-- Generated by org.testng.reporters.JUnitReportReporter -->
<testsuite hostname="NDI-LAP-295" failures="0" tests="4" name="com.education.runners.LoginPageValidation" time="6.886" errors="0" timestamp="31 Mar 2023 06:34:29 GMT" skipped="0">
  <testcase classname="com.education.runners.LoginPageValidation" name="loginTest__01" time="0.564"/>
  <testcase classname="com.education.runners.LoginPageValidation" name="logTestPageElementValidation__02" time="0.992"/>
  <testcase classname="com.education.runners.LoginPageValidation" name="bookFreeDemoTitleValidation__03" time="4.810"/>
  <testcase classname="com.education.runners.LoginPageValidation" name="bookFreeDemoElementValidation__04" time="0.520"/>
</testsuite> <!-- com.education.runners.LoginPageValidation -->
