<?xml version="1.0" encoding="UTF-8"?>
<!-- Generated by org.testng.reporters.JUnitReportReporter -->
<testsuite hostname="NDI-LAP-295" failures="0" tests="4" name="com.education.runners.LoginPageValidation" time="7.317" errors="0" timestamp="04 Apr 2023 08:12:06 GMT" skipped="0">
  <testcase classname="com.education.runners.LoginPageValidation" name="loginTest__01" time="0.810"/>
  <testcase classname="com.education.runners.LoginPageValidation" name="logTestPageElementValidation__02" time="2.161"/>
  <testcase classname="com.education.runners.LoginPageValidation" name="bookFreeDemoTitleValidation__03" time="3.242"/>
  <testcase classname="com.education.runners.LoginPageValidation" name="bookFreeDemoElementValidation__04" time="1.104"/>
</testsuite> <!-- com.education.runners.LoginPageValidation -->
