<?xml version="1.0" encoding="UTF-8"?>
<!-- Generated by org.testng.reporters.JUnitReportReporter -->
<testsuite hostname="NDI-LAP-295" failures="0" tests="4" name="com.education.runners.LoginPageValidation" time="8.091" errors="0" timestamp="12 Aug 2024 07:11:23 GMT" skipped="0">
  <testcase classname="com.education.runners.LoginPageValidation" name="loginTest__01" time="0.530"/>
  <testcase classname="com.education.runners.LoginPageValidation" name="logTestPageElementValidation__02" time="1.950"/>
  <testcase classname="com.education.runners.LoginPageValidation" name="bookFreeDemoTitleValidation__03" time="4.339"/>
  <testcase classname="com.education.runners.LoginPageValidation" name="bookFreeDemoElementValidation__04" time="1.272"/>
</testsuite> <!-- com.education.runners.LoginPageValidation -->
