<?xml version="1.0" encoding="UTF-8"?>
<!-- Generated by org.testng.reporters.JUnitReportReporter -->
<testsuite hostname="NDI-LAP-295" failures="0" tests="4" name="com.education.runners.LoginPageValidation" time="6.272" errors="0" timestamp="04 Apr 2023 04:10:30 GMT" skipped="0">
  <testcase classname="com.education.runners.LoginPageValidation" name="loginTest__01" time="0.376"/>
  <testcase classname="com.education.runners.LoginPageValidation" name="logTestPageElementValidation__02" time="1.864"/>
  <testcase classname="com.education.runners.LoginPageValidation" name="bookFreeDemoTitleValidation__03" time="3.152"/>
  <testcase classname="com.education.runners.LoginPageValidation" name="bookFreeDemoElementValidation__04" time="0.880"/>
</testsuite> <!-- com.education.runners.LoginPageValidation -->
